TN:
SF:/home/jenkins/workspace/ut-identity_cr/api.js
FN:5,(anonymous_0)
FN:37,(anonymous_1)
FN:40,(anonymous_2)
FN:43,(anonymous_3)
FNF:4
FNH:1
FNDA:9,(anonymous_0)
FNDA:0,(anonymous_1)
FNDA:0,(anonymous_2)
FNDA:0,(anonymous_3)
DA:1,1
DA:2,1
DA:4,1
DA:6,9
DA:7,8
DA:8,3
DA:10,1
DA:11,1
DA:12,1
DA:13,1
DA:14,2
DA:15,1
DA:17,1
DA:19,5
DA:20,2
DA:21,1
DA:23,1
DA:25,3
DA:26,2
DA:27,1
DA:29,1
DA:32,1
DA:35,1
LF:23
LH:23
BRDA:6,0,0,8
BRDA:6,0,1,1
BRDA:7,1,0,3
BRDA:7,1,1,5
BRDA:7,2,0,8
BRDA:7,2,1,3
BRDA:7,2,2,3
BRDA:7,2,3,3
BRDA:8,3,0,1
BRDA:8,3,1,2
BRDA:8,4,0,3
BRDA:8,4,1,3
BRDA:10,5,0,1
BRDA:10,5,1,1
BRDA:14,6,0,1
BRDA:14,6,1,1
BRDA:14,7,0,2
BRDA:14,7,1,2
BRDA:19,8,0,2
BRDA:19,8,1,3
BRDA:20,9,0,1
BRDA:20,9,1,1
BRDA:25,10,0,2
BRDA:25,10,1,1
BRDA:26,11,0,1
BRDA:26,11,1,1
BRF:26
BRH:26
end_of_record
TN:
SF:/home/jenkins/workspace/ut-identity_cr/errors.js
FN:129,(anonymous_0)
FN:132,(anonymous_1)
FNF:2
FNH:2
FNDA:25,(anonymous_0)
FNDA:12,(anonymous_1)
DA:1,1
DA:3,1
DA:130,25
DA:131,25
DA:132,25
DA:133,12
DA:135,25
LF:7
LH:7
BRF:0
BRH:0
end_of_record
TN:
SF:/home/jenkins/workspace/ut-identity_cr/node_modules/ut-error/index.js
FN:3,inherit
FN:9,UTError
FN:22,(anonymous_2)
FN:37,interpolate
FN:39,(anonymous_4)
FN:45,(anonymous_5)
FN:50,createErrorConstructor
FN:51,CustomUTError
FN:74,(anonymous_8)
FN:77,(anonymous_9)
FN:92,(anonymous_10)
FNF:11
FNH:8
FNDA:26,inherit
FNDA:13,UTError
FNDA:12,(anonymous_2)
FNDA:24,interpolate
FNDA:0,(anonymous_4)
FNDA:24,(anonymous_5)
FNDA:25,createErrorConstructor
FNDA:48,CustomUTError
FNDA:0,(anonymous_8)
FNDA:25,(anonymous_9)
FNDA:0,(anonymous_10)
DA:1,1
DA:4,26
DA:5,26
DA:6,26
DA:10,13
DA:11,1
DA:13,12
DA:14,12
DA:15,12
DA:16,0
DA:17,12
DA:18,12
DA:19,0
DA:20,0
DA:22,12
DA:23,12
DA:27,12
DA:28,12
DA:30,0
DA:34,1
DA:36,1
DA:38,24
DA:40,0
DA:45,1
DA:46,24
DA:47,24
DA:52,48
DA:53,24
DA:54,24
DA:55,0
DA:57,24
DA:58,24
DA:59,24
DA:60,24
DA:63,25
DA:65,25
DA:67,25
DA:70,1
DA:71,1
DA:73,1
DA:78,25
DA:79,25
DA:80,25
DA:82,25
DA:83,24
DA:84,24
DA:85,0
DA:86,0
DA:89,25
DA:90,25
DA:93,0
LF:51
LH:42
BRDA:4,0,0,1
BRDA:4,0,1,25
BRDA:10,1,0,1
BRDA:10,1,1,12
BRDA:14,2,0,12
BRDA:14,2,1,12
BRDA:15,3,0,0
BRDA:15,3,1,12
BRDA:17,4,0,12
BRDA:17,4,1,0
BRDA:18,5,0,0
BRDA:18,5,1,12
BRDA:27,6,0,12
BRDA:27,6,1,0
BRDA:30,7,0,0
BRDA:30,7,1,0
BRDA:40,8,0,0
BRDA:40,8,1,0
BRDA:46,9,0,24
BRDA:46,9,1,0
BRDA:52,10,0,24
BRDA:52,10,1,24
BRDA:54,11,0,0
BRDA:54,11,1,24
BRDA:59,12,0,24
BRDA:59,12,1,0
BRDA:79,13,0,25
BRDA:79,13,1,0
BRDA:79,14,0,25
BRDA:79,14,1,25
BRDA:79,14,2,25
BRDA:82,15,0,24
BRDA:82,15,1,1
BRDA:83,16,0,24
BRDA:83,16,1,0
BRDA:83,17,0,24
BRDA:83,17,1,24
BRDA:85,18,0,0
BRDA:85,18,1,0
BRDA:85,19,0,0
BRDA:85,19,1,0
BRDA:89,20,0,1
BRDA:89,20,1,24
BRDA:90,21,0,25
BRDA:90,21,1,25
BRDA:93,22,0,0
BRDA:93,22,1,0
BRF:47
BRH:28
end_of_record
